<?xml version="1.0" encoding="UTF-8"?>
<!-- Generated by org.testng.reporters.JUnitReportReporter -->
<testsuite skipped="0" hostname="LAPTOP-JIBR9C35" name="academy.Homepage" tests="1" failures="0" timestamp="18 Oct 2020 13:29:10 GMT" time="58.208" errors="0">
  <testcase name="basePageNavigation" time="58.208" classname="academy.Homepage"/>
</testsuite> <!-- academy.Homepage -->
