<?xml version="1.0" encoding="UTF-8"?>
<!-- Generated by org.testng.reporters.JUnitReportReporter -->
<testsuite skipped="0" hostname="LAPTOP-JIBR9C35" name="academy.HomepageTest" tests="1" failures="0" timestamp="18 Oct 2020 14:12:05 GMT" time="1.031" errors="0">
  <testcase name="basePageNavigation" time="1.031" classname="academy.HomepageTest"/>
</testsuite> <!-- academy.HomepageTest -->
