<?xml version="1.0" encoding="UTF-8"?>
<!-- Generated by org.testng.reporters.JUnitReportReporter -->
<testsuite skipped="0" hostname="LAPTOP-JIBR9C35" name="academy.Base" tests="1" failures="0" timestamp="17 Oct 2020 16:45:55 GMT" time="0.022" errors="0">
  <testcase name="initialization" time="0.022" classname="academy.Base"/>
</testsuite> <!-- academy.Base -->
