<?xml version="1.0" encoding="UTF-8"?>
<!-- Generated by org.testng.reporters.JUnitReportReporter -->
<testsuite skipped="0" hostname="LAPTOP-JIBR9C35" name="academy.LandingpageTest" tests="2" failures="0" timestamp="21 Oct 2020 17:02:20 GMT" time="4.723" errors="0">
  <testcase name="LandingPageCenterText" time="4.541" classname="academy.LandingpageTest"/>
  <testcase name="LandingPageNavigationBar" time="0.182" classname="academy.LandingpageTest"/>
</testsuite> <!-- academy.LandingpageTest -->
