<?xml version="1.0" encoding="UTF-8"?>
<!-- Generated by org.testng.reporters.JUnitReportReporter -->
<testsuite skipped="0" hostname="LAPTOP-JIBR9C35" name="com.thirtybees.Test.LoginPageTest" tests="1" failures="0" timestamp="11 Nov 2020 05:53:35 GMT" time="0.007" errors="0">
  <testcase name="test01" time="0.007" classname="com.thirtybees.Test.LoginPageTest"/>
</testsuite> <!-- com.thirtybees.Test.LoginPageTest -->
