<?xml version="1.0" encoding="UTF-8"?>
<!-- Generated by org.testng.reporters.JUnitReportReporter -->
<testsuite skipped="0" hostname="LAPTOP-JIBR9C35" name="academy.HomepageTest" tests="1" failures="0" timestamp="20 Oct 2020 13:46:15 GMT" time="0.799" errors="0">
  <testcase name="basePageNavigation" time="0.799" classname="academy.HomepageTest"/>
</testsuite> <!-- academy.HomepageTest -->
