<?xml version="1.0" encoding="UTF-8"?>
<!-- Generated by org.testng.reporters.JUnitReportReporter -->
<testsuite skipped="0" hostname="LAPTOP-JIBR9C35" name="academy.LandingpageTest" tests="2" failures="0" timestamp="23 Oct 2020 17:09:14 GMT" time="1.212" errors="0">
  <testcase name="LandingPageNavigationBar" time="0.166" classname="academy.LandingpageTest"/>
  <testcase name="LandingPageCenterText" time="1.046" classname="academy.LandingpageTest"/>
</testsuite> <!-- academy.LandingpageTest -->
